Copyright 1986-2020 Xilinx, Inc. All Rights Reserved.
--------------------------------------------------------------------------------------------------------------------------------------------------------------------
| Tool Version : Vivado v.2020.1 (win64) Build 2902540 Wed May 27 19:54:49 MDT 2020
| Date         : Mon Oct 17 12:32:36 2022
| Host         : LAPYOP-CJX running 64-bit major release  (build 9200)
| Command      : report_methodology -file decoder_38_methodology_drc_routed.rpt -pb decoder_38_methodology_drc_routed.pb -rpx decoder_38_methodology_drc_routed.rpx
| Design       : decoder_38
| Device       : xc7a35tcpg236-1
| Speed File   : -1
| Design State : Fully Routed
--------------------------------------------------------------------------------------------------------------------------------------------------------------------

Report Methodology

Table of Contents
-----------------
1. REPORT SUMMARY
2. REPORT DETAILS

1. REPORT SUMMARY
-----------------
            Netlist: netlist
          Floorplan: design_1
      Design limits: <entire design considered>
             Max violations: <unlimited>
             Violations found: 8
+-----------+----------+-------------------+------------+
| Rule      | Severity | Description       | Violations |
+-----------+----------+-------------------+------------+
| TIMING-20 | Warning  | Non-clocked latch | 8          |
+-----------+----------+-------------------+------------+

2. REPORT DETAILS
-----------------
TIMING-20#1 Warning
Non-clocked latch  
The latch out_data_reg[0] cannot be properly analyzed as its control pin out_data_reg[0]/G is not reached by a timing clock
Related violations: <none>

TIMING-20#2 Warning
Non-clocked latch  
The latch out_data_reg[1] cannot be properly analyzed as its control pin out_data_reg[1]/G is not reached by a timing clock
Related violations: <none>

TIMING-20#3 Warning
Non-clocked latch  
The latch out_data_reg[2] cannot be properly analyzed as its control pin out_data_reg[2]/G is not reached by a timing clock
Related violations: <none>

TIMING-20#4 Warning
Non-clocked latch  
The latch out_data_reg[3] cannot be properly analyzed as its control pin out_data_reg[3]/G is not reached by a timing clock
Related violations: <none>

TIMING-20#5 Warning
Non-clocked latch  
The latch out_data_reg[4] cannot be properly analyzed as its control pin out_data_reg[4]/G is not reached by a timing clock
Related violations: <none>

TIMING-20#6 Warning
Non-clocked latch  
The latch out_data_reg[5] cannot be properly analyzed as its control pin out_data_reg[5]/G is not reached by a timing clock
Related violations: <none>

TIMING-20#7 Warning
Non-clocked latch  
The latch out_data_reg[6] cannot be properly analyzed as its control pin out_data_reg[6]/G is not reached by a timing clock
Related violations: <none>

TIMING-20#8 Warning
Non-clocked latch  
The latch out_data_reg[7] cannot be properly analyzed as its control pin out_data_reg[7]/G is not reached by a timing clock
Related violations: <none>


