
*** Running vivado
    with args -log johnson2.vdi -applog -m64 -product Vivado -messageDb vivado.pb -mode batch -source johnson2.tcl -notrace



****** Vivado v2020.1 (64-bit)
  **** SW Build 2902540 on Wed May 27 19:54:49 MDT 2020
  **** IP Build 2902112 on Wed May 27 22:43:36 MDT 2020
    ** Copyright 1986-2020 Xilinx, Inc. All Rights Reserved.

source johnson2.tcl -notrace
Command: link_design -top johnson2 -part xc7a35tcpg236-1
Design is defaulting to srcset: sources_1
Design is defaulting to constrset: constrs_1
INFO: [Device 21-403] Loading part xc7a35tcpg236-1
Netlist sorting complete. Time (s): cpu = 00:00:00 ; elapsed = 00:00:00 . Memory (MB): peak = 1013.172 ; gain = 0.000
INFO: [Project 1-479] Netlist was created with Vivado 2020.1
INFO: [Project 1-570] Preparing netlist for logic optimization
Parsing XDC File [E:/Users/jxcai/FPGA_class/Basys.xdc]
WARNING: [Vivado 12-584] No ports matched 'clk'. [E:/Users/jxcai/FPGA_class/Basys.xdc:7]
CRITICAL WARNING: [Common 17-55] 'set_property' expects at least one object. [E:/Users/jxcai/FPGA_class/Basys.xdc:7]
Resolution: If [get_<value>] was used to populate the object, check to make sure this command returns at least one valid object.
WARNING: [Vivado 12-584] No ports matched 'clk'. [E:/Users/jxcai/FPGA_class/Basys.xdc:8]
CRITICAL WARNING: [Common 17-55] 'set_property' expects at least one object. [E:/Users/jxcai/FPGA_class/Basys.xdc:8]
Resolution: If [get_<value>] was used to populate the object, check to make sure this command returns at least one valid object.
WARNING: [Vivado 12-584] No ports matched 'clk'. [E:/Users/jxcai/FPGA_class/Basys.xdc:9]
CRITICAL WARNING: [Vivado 12-4739] create_clock:No valid object(s) found for '-objects [get_ports clk]'. [E:/Users/jxcai/FPGA_class/Basys.xdc:9]
Resolution: Check if the specified object(s) exists in the current design. If it does, ensure that the correct design hierarchy was specified for the object. If you are working with clocks, make sure create_clock was used to create the clock object before it is referenced.
Finished Parsing XDC File [E:/Users/jxcai/FPGA_class/Basys.xdc]
INFO: [Opt 31-138] Pushed 0 inverter(s) to 0 load pin(s).
Netlist sorting complete. Time (s): cpu = 00:00:00 ; elapsed = 00:00:00 . Memory (MB): peak = 1013.172 ; gain = 0.000
INFO: [Project 1-111] Unisim Transformation Summary:
No Unisim elements were transformed.

5 Infos, 3 Warnings, 3 Critical Warnings and 0 Errors encountered.
link_design completed successfully
link_design: Time (s): cpu = 00:00:05 ; elapsed = 00:00:06 . Memory (MB): peak = 1013.172 ; gain = 0.000
Command: opt_design
Attempting to get a license for feature 'Implementation' and/or device 'xc7a35t'
INFO: [Common 17-349] Got license for feature 'Implementation' and/or device 'xc7a35t'
Running DRC as a precondition to command opt_design

Starting DRC Task
INFO: [DRC 23-27] Running DRC with 2 threads
INFO: [Project 1-461] DRC finished with 0 Errors
INFO: [Project 1-462] Please refer to the DRC report (report_drc) for more information.

Time (s): cpu = 00:00:00 ; elapsed = 00:00:00.446 . Memory (MB): peak = 1013.172 ; gain = 0.000

Starting Cache Timing Information Task
INFO: [Timing 38-35] Done setting XDC timing constraints.
Ending Cache Timing Information Task | Checksum: 118ae17fa

Time (s): cpu = 00:00:07 ; elapsed = 00:00:07 . Memory (MB): peak = 1179.570 ; gain = 166.398

Starting Logic Optimization Task

Phase 1 Retarget
INFO: [Opt 31-138] Pushed 0 inverter(s) to 0 load pin(s).
INFO: [Opt 31-49] Retargeted 0 cell(s).
Phase 1 Retarget | Checksum: 118ae17fa

Time (s): cpu = 00:00:00 ; elapsed = 00:00:00.015 . Memory (MB): peak = 1375.582 ; gain = 0.000
INFO: [Opt 31-389] Phase Retarget created 0 cells and removed 0 cells

Phase 2 Constant propagation
INFO: [Opt 31-138] Pushed 0 inverter(s) to 0 load pin(s).
Phase 2 Constant propagation | Checksum: 118ae17fa

Time (s): cpu = 00:00:00 ; elapsed = 00:00:00.016 . Memory (MB): peak = 1375.582 ; gain = 0.000
INFO: [Opt 31-389] Phase Constant propagation created 0 cells and removed 0 cells

Phase 3 Sweep
Phase 3 Sweep | Checksum: e92ba10c

Time (s): cpu = 00:00:00 ; elapsed = 00:00:00.019 . Memory (MB): peak = 1375.582 ; gain = 0.000
INFO: [Opt 31-389] Phase Sweep created 4 cells and removed 0 cells

Phase 4 BUFG optimization
Phase 4 BUFG optimization | Checksum: e92ba10c

Time (s): cpu = 00:00:00 ; elapsed = 00:00:00.020 . Memory (MB): peak = 1375.582 ; gain = 0.000
INFO: [Opt 31-662] Phase BUFG optimization created 0 cells of which 0 are BUFGs and removed 0 cells.

Phase 5 Shift Register Optimization
INFO: [Opt 31-1064] SRL Remap converted 0 SRLs to 0 registers and converted 0 registers of register chains to 0 SRLs
Phase 5 Shift Register Optimization | Checksum: e92ba10c

Time (s): cpu = 00:00:00 ; elapsed = 00:00:00.021 . Memory (MB): peak = 1375.582 ; gain = 0.000
INFO: [Opt 31-389] Phase Shift Register Optimization created 0 cells and removed 0 cells

Phase 6 Post Processing Netlist
Phase 6 Post Processing Netlist | Checksum: e92ba10c

Time (s): cpu = 00:00:00 ; elapsed = 00:00:00.022 . Memory (MB): peak = 1375.582 ; gain = 0.000
INFO: [Opt 31-389] Phase Post Processing Netlist created 0 cells and removed 0 cells
Opt_design Change Summary
=========================


-------------------------------------------------------------------------------------------------------------------------
|  Phase                        |  #Cells created  |  #Cells Removed  |  #Constrained objects preventing optimizations  |
-------------------------------------------------------------------------------------------------------------------------
|  Retarget                     |               0  |               0  |                                              0  |
|  Constant propagation         |               0  |               0  |                                              0  |
|  Sweep                        |               4  |               0  |                                              0  |
|  BUFG optimization            |               0  |               0  |                                              0  |
|  Shift Register Optimization  |               0  |               0  |                                              0  |
|  Post Processing Netlist      |               0  |               0  |                                              0  |
-------------------------------------------------------------------------------------------------------------------------



Starting Connectivity Check Task

Time (s): cpu = 00:00:00 ; elapsed = 00:00:00 . Memory (MB): peak = 1375.582 ; gain = 0.000
Ending Logic Optimization Task | Checksum: 3cc3e38b

Time (s): cpu = 00:00:00 ; elapsed = 00:00:00.024 . Memory (MB): peak = 1375.582 ; gain = 0.000

Starting Power Optimization Task
INFO: [Pwropt 34-132] Skipping clock gating for clocks with a period < 2.00 ns.
Ending Power Optimization Task | Checksum: 3cc3e38b

Time (s): cpu = 00:00:00 ; elapsed = 00:00:00.006 . Memory (MB): peak = 1375.582 ; gain = 0.000

Starting Final Cleanup Task
Ending Final Cleanup Task | Checksum: 3cc3e38b

Time (s): cpu = 00:00:00 ; elapsed = 00:00:00 . Memory (MB): peak = 1375.582 ; gain = 0.000

Starting Netlist Obfuscation Task
Netlist sorting complete. Time (s): cpu = 00:00:00 ; elapsed = 00:00:00 . Memory (MB): peak = 1375.582 ; gain = 0.000
Ending Netlist Obfuscation Task | Checksum: 3cc3e38b

Time (s): cpu = 00:00:00 ; elapsed = 00:00:00 . Memory (MB): peak = 1375.582 ; gain = 0.000
INFO: [Common 17-83] Releasing license: Implementation
22 Infos, 3 Warnings, 3 Critical Warnings and 0 Errors encountered.
opt_design completed successfully
opt_design: Time (s): cpu = 00:00:08 ; elapsed = 00:00:09 . Memory (MB): peak = 1375.582 ; gain = 362.410
INFO: [Timing 38-480] Writing timing data to binary archive.
Writing placer database...
Writing XDEF routing.
Writing XDEF routing logical nets.
Writing XDEF routing special nets.
Write XDEF Complete: Time (s): cpu = 00:00:00 ; elapsed = 00:00:00.025 . Memory (MB): peak = 1375.582 ; gain = 0.000
INFO: [Common 17-1381] The checkpoint 'E:/Users/jxcai/FPGA_class/project_2/project_2.runs/impl_1/johnson2_opt.dcp' has been generated.
INFO: [runtcl-4] Executing : report_drc -file johnson2_drc_opted.rpt -pb johnson2_drc_opted.pb -rpx johnson2_drc_opted.rpx
Command: report_drc -file johnson2_drc_opted.rpt -pb johnson2_drc_opted.pb -rpx johnson2_drc_opted.rpx
INFO: [IP_Flow 19-234] Refreshing IP repositories
INFO: [IP_Flow 19-1704] No user IP repositories specified
INFO: [IP_Flow 19-2313] Loaded Vivado IP repository 'D:/Xilinx/Vivado/2020.1/data/ip'.
INFO: [DRC 23-27] Running DRC with 2 threads
INFO: [Coretcl 2-168] The results of DRC are in file E:/Users/jxcai/FPGA_class/project_2/project_2.runs/impl_1/johnson2_drc_opted.rpt.
report_drc completed successfully
Command: place_design
Attempting to get a license for feature 'Implementation' and/or device 'xc7a35t'
INFO: [Common 17-349] Got license for feature 'Implementation' and/or device 'xc7a35t'
INFO: [DRC 23-27] Running DRC with 2 threads
INFO: [Vivado_Tcl 4-198] DRC finished with 0 Errors
INFO: [Vivado_Tcl 4-199] Please refer to the DRC report (report_drc) for more information.
Running DRC as a precondition to command place_design
INFO: [DRC 23-27] Running DRC with 2 threads
INFO: [Vivado_Tcl 4-198] DRC finished with 0 Errors
INFO: [Vivado_Tcl 4-199] Please refer to the DRC report (report_drc) for more information.

Starting Placer Task
INFO: [Place 30-611] Multithreading enabled for place_design using a maximum of 2 CPUs

Phase 1 Placer Initialization

Phase 1.1 Placer Initialization Netlist Sorting
Netlist sorting complete. Time (s): cpu = 00:00:00 ; elapsed = 00:00:00 . Memory (MB): peak = 1375.582 ; gain = 0.000
Phase 1.1 Placer Initialization Netlist Sorting | Checksum: 20ca7c15

Time (s): cpu = 00:00:00 ; elapsed = 00:00:00.005 . Memory (MB): peak = 1375.582 ; gain = 0.000
Netlist sorting complete. Time (s): cpu = 00:00:00 ; elapsed = 00:00:00 . Memory (MB): peak = 1375.582 ; gain = 0.000

Phase 1.2 IO Placement/ Clock Placement/ Build Placer Device
INFO: [Timing 38-35] Done setting XDC timing constraints.
WARNING: [Place 30-574] Poor placement for routing between an IO pin and BUFG. This is normally an ERROR but the CLOCK_DEDICATED_ROUTE constraint is set to FALSE allowing your design to continue. The use of this override is highly discouraged as it may lead to very poor timing results. It is recommended that this error condition be corrected in the design.

	CLK_IBUF_inst (IBUF.O) is locked to IOB_X0Y13
	CLK_IBUF_BUFG_inst (BUFG.I) is provisionally placed by clockplacer on BUFGCTRL_X0Y0
Resolution: Poor placement of an IO pin and a BUFG has resulted in the router using a non-dedicated path between the two.  There are several things that could trigger this DRC, each of which can cause unpredictable clock insertion delays that result in poor timing.  This DRC could be caused by any of the following: (a) a clock port was placed on a pin that is not a CCIO-pin (b)the BUFG has not been placed in the same half of the device or SLR as the CCIO-pin (c) a single ended clock has been placed on the N-Side of a differential pair CCIO-pin.
Phase 1.2 IO Placement/ Clock Placement/ Build Placer Device | Checksum: aaad17de

Time (s): cpu = 00:00:01 ; elapsed = 00:00:00.500 . Memory (MB): peak = 1394.590 ; gain = 19.008

Phase 1.3 Build Placer Netlist Model
Phase 1.3 Build Placer Netlist Model | Checksum: 1a4f8f915

Time (s): cpu = 00:00:01 ; elapsed = 00:00:00.508 . Memory (MB): peak = 1394.590 ; gain = 19.008

Phase 1.4 Constrain Clocks/Macros
Phase 1.4 Constrain Clocks/Macros | Checksum: 1a4f8f915

Time (s): cpu = 00:00:01 ; elapsed = 00:00:00.510 . Memory (MB): peak = 1394.590 ; gain = 19.008
Phase 1 Placer Initialization | Checksum: 1a4f8f915

Time (s): cpu = 00:00:01 ; elapsed = 00:00:00.511 . Memory (MB): peak = 1394.590 ; gain = 19.008

Phase 2 Global Placement

Phase 2.1 Floorplanning
Phase 2.1 Floorplanning | Checksum: 1a4f8f915

Time (s): cpu = 00:00:01 ; elapsed = 00:00:00.512 . Memory (MB): peak = 1394.590 ; gain = 19.008

Phase 2.2 Global Placement Core
WARNING: [Place 46-29] place_design is not in timing mode. Skip physical synthesis in placer
Phase 2.2 Global Placement Core | Checksum: 148290e71

Time (s): cpu = 00:00:01 ; elapsed = 00:00:00.773 . Memory (MB): peak = 1394.590 ; gain = 19.008
Phase 2 Global Placement | Checksum: 148290e71

Time (s): cpu = 00:00:01 ; elapsed = 00:00:00.775 . Memory (MB): peak = 1394.590 ; gain = 19.008

Phase 3 Detail Placement

Phase 3.1 Commit Multi Column Macros
Phase 3.1 Commit Multi Column Macros | Checksum: 148290e71

Time (s): cpu = 00:00:01 ; elapsed = 00:00:00.776 . Memory (MB): peak = 1394.590 ; gain = 19.008

Phase 3.2 Commit Most Macros & LUTRAMs
Phase 3.2 Commit Most Macros & LUTRAMs | Checksum: 1175b4602

Time (s): cpu = 00:00:01 ; elapsed = 00:00:00.779 . Memory (MB): peak = 1394.590 ; gain = 19.008

Phase 3.3 Area Swap Optimization
Phase 3.3 Area Swap Optimization | Checksum: 13fb5777e

Time (s): cpu = 00:00:01 ; elapsed = 00:00:00.785 . Memory (MB): peak = 1394.590 ; gain = 19.008

Phase 3.4 Pipeline Register Optimization
Phase 3.4 Pipeline Register Optimization | Checksum: 13fb5777e

Time (s): cpu = 00:00:01 ; elapsed = 00:00:00.785 . Memory (MB): peak = 1394.590 ; gain = 19.008

Phase 3.5 Small Shape Detail Placement
Phase 3.5 Small Shape Detail Placement | Checksum: a6121829

Time (s): cpu = 00:00:01 ; elapsed = 00:00:00.885 . Memory (MB): peak = 1394.590 ; gain = 19.008

Phase 3.6 Re-assign LUT pins
Phase 3.6 Re-assign LUT pins | Checksum: a6121829

Time (s): cpu = 00:00:01 ; elapsed = 00:00:00.886 . Memory (MB): peak = 1394.590 ; gain = 19.008

Phase 3.7 Pipeline Register Optimization
Phase 3.7 Pipeline Register Optimization | Checksum: a6121829

Time (s): cpu = 00:00:01 ; elapsed = 00:00:00.887 . Memory (MB): peak = 1394.590 ; gain = 19.008
Phase 3 Detail Placement | Checksum: a6121829

Time (s): cpu = 00:00:01 ; elapsed = 00:00:00.887 . Memory (MB): peak = 1394.590 ; gain = 19.008

Phase 4 Post Placement Optimization and Clean-Up

Phase 4.1 Post Commit Optimization
Phase 4.1 Post Commit Optimization | Checksum: a6121829

Time (s): cpu = 00:00:01 ; elapsed = 00:00:00.889 . Memory (MB): peak = 1394.590 ; gain = 19.008

Phase 4.2 Post Placement Cleanup
Phase 4.2 Post Placement Cleanup | Checksum: a6121829

Time (s): cpu = 00:00:01 ; elapsed = 00:00:00.891 . Memory (MB): peak = 1394.590 ; gain = 19.008

Phase 4.3 Placer Reporting
Phase 4.3 Placer Reporting | Checksum: a6121829

Time (s): cpu = 00:00:01 ; elapsed = 00:00:00.891 . Memory (MB): peak = 1394.590 ; gain = 19.008

Phase 4.4 Final Placement Cleanup
Netlist sorting complete. Time (s): cpu = 00:00:00 ; elapsed = 00:00:00.001 . Memory (MB): peak = 1394.590 ; gain = 0.000
Phase 4.4 Final Placement Cleanup | Checksum: a6121829

Time (s): cpu = 00:00:01 ; elapsed = 00:00:00.892 . Memory (MB): peak = 1394.590 ; gain = 19.008
Phase 4 Post Placement Optimization and Clean-Up | Checksum: a6121829

Time (s): cpu = 00:00:01 ; elapsed = 00:00:00.892 . Memory (MB): peak = 1394.590 ; gain = 19.008
Ending Placer Task | Checksum: 24e6424e

Time (s): cpu = 00:00:01 ; elapsed = 00:00:00.893 . Memory (MB): peak = 1394.590 ; gain = 19.008
INFO: [Common 17-83] Releasing license: Implementation
40 Infos, 5 Warnings, 3 Critical Warnings and 0 Errors encountered.
place_design completed successfully
INFO: [Timing 38-480] Writing timing data to binary archive.
Writing placer database...
Writing XDEF routing.
Writing XDEF routing logical nets.
Writing XDEF routing special nets.
Write XDEF Complete: Time (s): cpu = 00:00:00 ; elapsed = 00:00:00.031 . Memory (MB): peak = 1408.266 ; gain = 13.676
INFO: [Common 17-1381] The checkpoint 'E:/Users/jxcai/FPGA_class/project_2/project_2.runs/impl_1/johnson2_placed.dcp' has been generated.
INFO: [runtcl-4] Executing : report_io -file johnson2_io_placed.rpt
report_io: Time (s): cpu = 00:00:00 ; elapsed = 00:00:00.029 . Memory (MB): peak = 1408.266 ; gain = 0.000
INFO: [runtcl-4] Executing : report_utilization -file johnson2_utilization_placed.rpt -pb johnson2_utilization_placed.pb
INFO: [runtcl-4] Executing : report_control_sets -verbose -file johnson2_control_sets_placed.rpt
report_control_sets: Time (s): cpu = 00:00:00 ; elapsed = 00:00:00.001 . Memory (MB): peak = 1408.266 ; gain = 0.000
Command: phys_opt_design
Attempting to get a license for feature 'Implementation' and/or device 'xc7a35t'
INFO: [Common 17-349] Got license for feature 'Implementation' and/or device 'xc7a35t'
INFO: [Vivado_Tcl 4-235] No timing constraint found. The netlist was not modified.
INFO: [Common 17-83] Releasing license: Implementation
48 Infos, 5 Warnings, 3 Critical Warnings and 0 Errors encountered.
phys_opt_design completed successfully
INFO: [Timing 38-480] Writing timing data to binary archive.
Writing placer database...
Writing XDEF routing.
Writing XDEF routing logical nets.
Writing XDEF routing special nets.
Write XDEF Complete: Time (s): cpu = 00:00:00 ; elapsed = 00:00:00.032 . Memory (MB): peak = 1429.590 ; gain = 17.977
INFO: [Common 17-1381] The checkpoint 'E:/Users/jxcai/FPGA_class/project_2/project_2.runs/impl_1/johnson2_physopt.dcp' has been generated.
Command: route_design
Attempting to get a license for feature 'Implementation' and/or device 'xc7a35t'
INFO: [Common 17-349] Got license for feature 'Implementation' and/or device 'xc7a35t'
Running DRC as a precondition to command route_design
INFO: [DRC 23-27] Running DRC with 2 threads
WARNING: [DRC PLCK-12] Clock Placer Checks: Poor placement for routing between an IO pin and BUFG. 
Resolution: Poor placement of an IO pin and a BUFG has resulted in the router using a non-dedicated path between the two.  There are several things that could trigger this DRC, each of which can cause unpredictable clock insertion delays that result in poor timing.  This DRC could be caused by any of the following: (a) a clock port was placed on a pin that is not a CCIO-pin (b)the BUFG has not been placed in the same half of the device or SLR as the CCIO-pin (c) a single ended clock has been placed on the N-Side of a differential pair CCIO-pin.
 This is normally an ERROR but the CLOCK_DEDICATED_ROUTE constraint is set to FALSE allowing your design to continue. The use of this override is highly discouraged as it may lead to very poor timing results. It is recommended that this error condition be corrected in the design.

	CLK_IBUF_inst (IBUF.O) is locked to IOB_X0Y13
	CLK_IBUF_BUFG_inst (BUFG.I) is provisionally placed by clockplacer on BUFGCTRL_X0Y0
INFO: [Vivado_Tcl 4-198] DRC finished with 0 Errors, 1 Warnings
INFO: [Vivado_Tcl 4-199] Please refer to the DRC report (report_drc) for more information.


Starting Routing Task
INFO: [Route 35-254] Multithreading enabled for route_design using a maximum of 2 CPUs
Checksum: PlaceDB: 462f13d ConstDB: 0 ShapeSum: 20835111 RouteDB: 0

Phase 1 Build RT Design
Phase 1 Build RT Design | Checksum: d6686d5b

Time (s): cpu = 00:00:15 ; elapsed = 00:00:14 . Memory (MB): peak = 1529.996 ; gain = 85.367
Post Restoration Checksum: NetGraph: 20ae61b NumContArr: d45d8740 Constraints: 0 Timing: 0

Phase 2 Router Initialization
INFO: [Route 35-64] No timing constraints were detected. The router will operate in resource-optimization mode.

Phase 2.1 Fix Topology Constraints
Phase 2.1 Fix Topology Constraints | Checksum: d6686d5b

Time (s): cpu = 00:00:15 ; elapsed = 00:00:14 . Memory (MB): peak = 1535.988 ; gain = 91.359

Phase 2.2 Pre Route Cleanup
Phase 2.2 Pre Route Cleanup | Checksum: d6686d5b

Time (s): cpu = 00:00:15 ; elapsed = 00:00:14 . Memory (MB): peak = 1535.988 ; gain = 91.359
 Number of Nodes with overlaps = 0
Phase 2 Router Initialization | Checksum: ec22f2f7

Time (s): cpu = 00:00:15 ; elapsed = 00:00:14 . Memory (MB): peak = 1539.121 ; gain = 94.492

Router Utilization Summary
  Global Vertical Routing Utilization    = 0 %
  Global Horizontal Routing Utilization  = 0 %
  Routable Net Status*
  *Does not include unroutable nets such as driverless and loadless.
  Run report_route_status for detailed report.
  Number of Failed Nets               = 11
    (Failed Nets is the sum of unrouted and partially routed nets)
  Number of Unrouted Nets             = 11
  Number of Partially Routed Nets     = 0
  Number of Node Overlaps             = 0


Phase 3 Initial Routing
 Number of Nodes with overlaps = 0
Phase 3 Initial Routing | Checksum: 44382b8a

Time (s): cpu = 00:00:15 ; elapsed = 00:00:14 . Memory (MB): peak = 1540.215 ; gain = 95.586

Phase 4 Rip-up And Reroute

Phase 4.1 Global Iteration 0
Phase 4.1 Global Iteration 0 | Checksum: 44382b8a

Time (s): cpu = 00:00:15 ; elapsed = 00:00:14 . Memory (MB): peak = 1540.215 ; gain = 95.586
Phase 4 Rip-up And Reroute | Checksum: 44382b8a

Time (s): cpu = 00:00:15 ; elapsed = 00:00:14 . Memory (MB): peak = 1540.215 ; gain = 95.586

Phase 5 Delay and Skew Optimization
Phase 5 Delay and Skew Optimization | Checksum: 44382b8a

Time (s): cpu = 00:00:15 ; elapsed = 00:00:14 . Memory (MB): peak = 1540.215 ; gain = 95.586

Phase 6 Post Hold Fix

Phase 6.1 Hold Fix Iter
Phase 6.1 Hold Fix Iter | Checksum: 44382b8a

Time (s): cpu = 00:00:15 ; elapsed = 00:00:14 . Memory (MB): peak = 1540.215 ; gain = 95.586
Phase 6 Post Hold Fix | Checksum: 44382b8a

Time (s): cpu = 00:00:15 ; elapsed = 00:00:14 . Memory (MB): peak = 1540.215 ; gain = 95.586

Phase 7 Route finalize

Router Utilization Summary
  Global Vertical Routing Utilization    = 0.00685641 %
  Global Horizontal Routing Utilization  = 0.00585632 %
  Routable Net Status*
  *Does not include unroutable nets such as driverless and loadless.
  Run report_route_status for detailed report.
  Number of Failed Nets               = 0
    (Failed Nets is the sum of unrouted and partially routed nets)
  Number of Unrouted Nets             = 0
  Number of Partially Routed Nets     = 0
  Number of Node Overlaps             = 0

Congestion Report
North Dir 1x1 Area, Max Cong = 5.40541%, No Congested Regions.
South Dir 1x1 Area, Max Cong = 5.40541%, No Congested Regions.
East Dir 1x1 Area, Max Cong = 7.35294%, No Congested Regions.
West Dir 1x1 Area, Max Cong = 22.0588%, No Congested Regions.

------------------------------
Reporting congestion hotspots
------------------------------
Direction: North
----------------
Congested clusters found at Level 0
Effective congestion level: 0 Aspect Ratio: 1 Sparse Ratio: 0
Direction: South
----------------
Congested clusters found at Level 0
Effective congestion level: 0 Aspect Ratio: 1 Sparse Ratio: 0
Direction: East
----------------
Congested clusters found at Level 0
Effective congestion level: 0 Aspect Ratio: 1 Sparse Ratio: 0
Direction: West
----------------
Congested clusters found at Level 0
Effective congestion level: 0 Aspect Ratio: 1 Sparse Ratio: 0

Phase 7 Route finalize | Checksum: 44382b8a

Time (s): cpu = 00:00:15 ; elapsed = 00:00:14 . Memory (MB): peak = 1540.215 ; gain = 95.586

Phase 8 Verifying routed nets

 Verification completed successfully
Phase 8 Verifying routed nets | Checksum: 44382b8a

Time (s): cpu = 00:00:15 ; elapsed = 00:00:14 . Memory (MB): peak = 1542.289 ; gain = 97.660

Phase 9 Depositing Routes
Phase 9 Depositing Routes | Checksum: 65901e95

Time (s): cpu = 00:00:15 ; elapsed = 00:00:14 . Memory (MB): peak = 1542.289 ; gain = 97.660
INFO: [Route 35-16] Router Completed Successfully

Time (s): cpu = 00:00:15 ; elapsed = 00:00:14 . Memory (MB): peak = 1542.289 ; gain = 97.660

Routing Is Done.
INFO: [Common 17-83] Releasing license: Implementation
58 Infos, 6 Warnings, 3 Critical Warnings and 0 Errors encountered.
route_design completed successfully
route_design: Time (s): cpu = 00:00:16 ; elapsed = 00:00:15 . Memory (MB): peak = 1542.289 ; gain = 112.699
INFO: [Timing 38-480] Writing timing data to binary archive.
Writing placer database...
Writing XDEF routing.
Writing XDEF routing logical nets.
Writing XDEF routing special nets.
Write XDEF Complete: Time (s): cpu = 00:00:00 ; elapsed = 00:00:00.026 . Memory (MB): peak = 1552.109 ; gain = 9.820
INFO: [Common 17-1381] The checkpoint 'E:/Users/jxcai/FPGA_class/project_2/project_2.runs/impl_1/johnson2_routed.dcp' has been generated.
INFO: [runtcl-4] Executing : report_drc -file johnson2_drc_routed.rpt -pb johnson2_drc_routed.pb -rpx johnson2_drc_routed.rpx
Command: report_drc -file johnson2_drc_routed.rpt -pb johnson2_drc_routed.pb -rpx johnson2_drc_routed.rpx
INFO: [IP_Flow 19-1839] IP Catalog is up to date.
INFO: [DRC 23-27] Running DRC with 2 threads
INFO: [Coretcl 2-168] The results of DRC are in file E:/Users/jxcai/FPGA_class/project_2/project_2.runs/impl_1/johnson2_drc_routed.rpt.
report_drc completed successfully
INFO: [runtcl-4] Executing : report_methodology -file johnson2_methodology_drc_routed.rpt -pb johnson2_methodology_drc_routed.pb -rpx johnson2_methodology_drc_routed.rpx
Command: report_methodology -file johnson2_methodology_drc_routed.rpt -pb johnson2_methodology_drc_routed.pb -rpx johnson2_methodology_drc_routed.rpx
INFO: [Timing 38-35] Done setting XDC timing constraints.
INFO: [DRC 23-133] Running Methodology with 2 threads
INFO: [Coretcl 2-1520] The results of Report Methodology are in file E:/Users/jxcai/FPGA_class/project_2/project_2.runs/impl_1/johnson2_methodology_drc_routed.rpt.
report_methodology completed successfully
INFO: [runtcl-4] Executing : report_power -file johnson2_power_routed.rpt -pb johnson2_power_summary_routed.pb -rpx johnson2_power_routed.rpx
Command: report_power -file johnson2_power_routed.rpt -pb johnson2_power_summary_routed.pb -rpx johnson2_power_routed.rpx
INFO: [Timing 38-35] Done setting XDC timing constraints.
WARNING: [Power 33-232] No user defined clocks were found in the design! Power estimation will be inaccurate until this is corrected.
Resolution: Please specify clocks using create_clock/create_generated_clock for sequential elements. For pure combinatorial circuits, please specify a virtual clock, otherwise the vectorless estimation might be inaccurate
Running Vector-less Activity Propagation...

Finished Running Vector-less Activity Propagation
70 Infos, 7 Warnings, 3 Critical Warnings and 0 Errors encountered.
report_power completed successfully
INFO: [runtcl-4] Executing : report_route_status -file johnson2_route_status.rpt -pb johnson2_route_status.pb
INFO: [runtcl-4] Executing : report_timing_summary -max_paths 10 -file johnson2_timing_summary_routed.rpt -pb johnson2_timing_summary_routed.pb -rpx johnson2_timing_summary_routed.rpx -warn_on_violation 
INFO: [Timing 38-91] UpdateTimingParams: Speed grade: -1, Delay Type: min_max.
INFO: [Timing 38-191] Multithreading enabled for timing update using a maximum of 2 CPUs
WARNING: [Timing 38-313] There are no user specified timing constraints. Timing constraints are needed for proper timing analysis.
INFO: [runtcl-4] Executing : report_incremental_reuse -file johnson2_incremental_reuse_routed.rpt
INFO: [Vivado_Tcl 4-1062] Incremental flow is disabled. No incremental reuse Info to report.
INFO: [runtcl-4] Executing : report_clock_utilization -file johnson2_clock_utilization_routed.rpt
INFO: [runtcl-4] Executing : report_bus_skew -warn_on_violation -file johnson2_bus_skew_routed.rpt -pb johnson2_bus_skew_routed.pb -rpx johnson2_bus_skew_routed.rpx
INFO: [Timing 38-91] UpdateTimingParams: Speed grade: -1, Delay Type: min_max.
INFO: [Timing 38-191] Multithreading enabled for timing update using a maximum of 2 CPUs
INFO: [Common 17-206] Exiting Vivado at Tue Nov  1 22:02:11 2022...

*** Running vivado
    with args -log johnson2.vdi -applog -m64 -product Vivado -messageDb vivado.pb -mode batch -source johnson2.tcl -notrace



****** Vivado v2020.1 (64-bit)
  **** SW Build 2902540 on Wed May 27 19:54:49 MDT 2020
  **** IP Build 2902112 on Wed May 27 22:43:36 MDT 2020
    ** Copyright 1986-2020 Xilinx, Inc. All Rights Reserved.

source johnson2.tcl -notrace
Command: open_checkpoint johnson2_routed.dcp

Starting open_checkpoint Task

Time (s): cpu = 00:00:00 ; elapsed = 00:00:00.032 . Memory (MB): peak = 1013.922 ; gain = 0.000
CRITICAL WARNING: [Board 49-67] The board_part definition was not found for digilentinc.com:basys3:part0:1.1. This can happen sometimes when you use custom board part. You can resolve this issue by setting 'board.repoPaths' parameter, pointing to the location of custom board files. Valid board_part values can be retrieved with the 'get_board_parts' Tcl command.
CRITICAL WARNING: [Board 49-67] The board_part definition was not found for digilentinc.com:basys3:part0:1.1. This can happen sometimes when you use custom board part. You can resolve this issue by setting 'board.repoPaths' parameter, pointing to the location of custom board files. Valid board_part values can be retrieved with the 'get_board_parts' Tcl command.
INFO: [Device 21-403] Loading part xc7a35tcpg236-1
Netlist sorting complete. Time (s): cpu = 00:00:00 ; elapsed = 00:00:00 . Memory (MB): peak = 1013.922 ; gain = 0.000
INFO: [Project 1-479] Netlist was created with Vivado 2020.1
INFO: [Project 1-570] Preparing netlist for logic optimization
INFO: [Timing 38-478] Restoring timing data from binary archive.
INFO: [Timing 38-479] Binary timing data restore complete.
INFO: [Project 1-856] Restoring constraints from binary archive.
INFO: [Project 1-853] Binary constraint restore complete.
Reading XDEF placement.
Reading placer database...
Reading XDEF routing.
Read XDEF File: Time (s): cpu = 00:00:00 ; elapsed = 00:00:00.072 . Memory (MB): peak = 1194.762 ; gain = 15.543
Restored from archive | CPU: 0.000000 secs | Memory: 0.000000 MB |
Finished XDEF File Restore: Time (s): cpu = 00:00:00 ; elapsed = 00:00:00.073 . Memory (MB): peak = 1194.762 ; gain = 15.543
Netlist sorting complete. Time (s): cpu = 00:00:00 ; elapsed = 00:00:00 . Memory (MB): peak = 1194.762 ; gain = 0.000
INFO: [Project 1-111] Unisim Transformation Summary:
No Unisim elements were transformed.

INFO: [Project 1-604] Checkpoint was created with Vivado v2020.1 (64-bit) build 2902540
open_checkpoint: Time (s): cpu = 00:00:11 ; elapsed = 00:00:13 . Memory (MB): peak = 1194.762 ; gain = 180.840
Command: write_bitstream -force johnson2.bit
Attempting to get a license for feature 'Implementation' and/or device 'xc7a35t'
INFO: [Common 17-349] Got license for feature 'Implementation' and/or device 'xc7a35t'
Running DRC as a precondition to command write_bitstream
INFO: [IP_Flow 19-234] Refreshing IP repositories
INFO: [IP_Flow 19-1704] No user IP repositories specified
INFO: [IP_Flow 19-2313] Loaded Vivado IP repository 'D:/Xilinx/Vivado/2020.1/data/ip'.
INFO: [DRC 23-27] Running DRC with 2 threads
INFO: [Vivado 12-3199] DRC finished with 0 Errors
INFO: [Vivado 12-3200] Please refer to the DRC report (report_drc) for more information.
INFO: [Designutils 20-2272] Running write_bitstream with 2 threads.
Loading data files...
Loading site data...
Loading route data...
Processing options...
Creating bitmap...
Creating bitstream...
Writing bitstream ./johnson2.bit...
INFO: [Vivado 12-1842] Bitgen Completed Successfully.
INFO: [Project 1-120] WebTalk data collection is mandatory when using a WebPACK part without a full Vivado license. To see the specific WebTalk data collected for your design, open the usage_statistics_webtalk.html or usage_statistics_webtalk.xml file in the implementation directory.
INFO: [Common 17-186] 'E:/Users/jxcai/FPGA_class/project_2/project_2.runs/impl_1/usage_statistics_webtalk.xml' has been successfully sent to Xilinx on Tue Nov  1 22:03:36 2022. For additional details about this file, please refer to the WebTalk help file at D:/Xilinx/Vivado/2020.1/doc/webtalk_introduction.html.
INFO: [Common 17-83] Releasing license: Implementation
21 Infos, 0 Warnings, 2 Critical Warnings and 0 Errors encountered.
write_bitstream completed successfully
write_bitstream: Time (s): cpu = 00:00:10 ; elapsed = 00:00:12 . Memory (MB): peak = 1654.930 ; gain = 460.168
INFO: [Common 17-206] Exiting Vivado at Tue Nov  1 22:03:36 2022...
